<?xml version="1.0" encoding="UTF-8"?>
<!-- Generated by org.testng.reporters.JUnitReportReporter -->
<testsuite hostname="LAPTOP-F523QQLJ" failures="0" tests="1" name="udemy.ExtentDemo$ExtentReportDemo" time="26.973" errors="0" timestamp="2022-01-12T15:39:49 CST" skipped="0">
  <testcase classname="udemy.ExtentDemo$ExtentReportDemo" name="initialDemo" time="26.973"/>
  <system-out/>
</testsuite> <!-- udemy.ExtentDemo$ExtentReportDemo -->
