<?xml version="1.0" encoding="UTF-8"?>
<!-- Generated by org.testng.reporters.JUnitReportReporter -->
<testsuite hostname="LAPTOP-F523QQLJ" failures="0" tests="1" name="udemy.ExtentReportDemo" time="7.582" errors="0" timestamp="2022-01-12T15:44:33 CST" skipped="0">
  <testcase classname="udemy.ExtentReportDemo" name="initialDemo" time="7.582"/>
  <system-out/>
</testsuite> <!-- udemy.ExtentReportDemo -->
